2023-05-07 16:42:06.967 [background-preinit] INFO  org.hibernate.validator.internal.util.Version - HV000001: Hibernate Validator 8.0.0.Final
2023-05-07 16:42:07.011 [main] INFO  com.bookstore.bookservice.BookServiceApplication - Starting BookServiceApplication using Java 19.0.2 with PID 5868 (C:\Users\Rehman\Downloads\Bookstore\book-service\book-service\target\classes started by Rehman in C:\Users\Rehman\Downloads\Bookstore)
2023-05-07 16:42:07.016 [main] INFO  com.bookstore.bookservice.BookServiceApplication - No active profile set, falling back to 1 default profile: "default"
2023-05-07 16:42:07.798 [main] INFO  org.springframework.data.repository.config.RepositoryConfigurationDelegate - Bootstrapping Spring Data JPA repositories in DEFAULT mode.
2023-05-07 16:42:07.931 [main] INFO  org.springframework.data.repository.config.RepositoryConfigurationDelegate - Finished Spring Data repository scanning in 126 ms. Found 1 JPA repository interfaces.
2023-05-07 16:42:08.149 [main] INFO  org.springframework.cloud.context.scope.GenericScope - BeanFactory id=62a1f168-be7b-3a80-84bb-5f36d7ce6f56
2023-05-07 16:42:08.669 [main] INFO  org.springframework.boot.web.embedded.tomcat.TomcatWebServer - Tomcat initialized with port(s): 0 (http)
2023-05-07 16:42:08.678 [main] INFO  org.apache.coyote.http11.Http11NioProtocol - Initializing ProtocolHandler ["http-nio-auto-1"]
2023-05-07 16:42:08.679 [main] INFO  org.apache.catalina.core.StandardService - Starting service [Tomcat]
2023-05-07 16:42:08.679 [main] INFO  org.apache.catalina.core.StandardEngine - Starting Servlet engine: [Apache Tomcat/10.1.5]
2023-05-07 16:42:08.784 [main] INFO  org.apache.catalina.core.ContainerBase.[Tomcat].[localhost].[/] - Initializing Spring embedded WebApplicationContext
2023-05-07 16:42:08.786 [main] INFO  org.springframework.boot.web.servlet.context.ServletWebServerApplicationContext - Root WebApplicationContext: initialization completed in 1724 ms
2023-05-07 16:42:08.942 [main] INFO  org.hibernate.jpa.internal.util.LogHelper - HHH000204: Processing PersistenceUnitInfo [name: default]
2023-05-07 16:42:08.995 [main] INFO  org.hibernate.Version - HHH000412: Hibernate ORM core version 6.1.7.Final
2023-05-07 16:42:09.251 [main] INFO  com.zaxxer.hikari.HikariDataSource - HikariPool-1 - Starting...
2023-05-07 16:42:09.530 [main] INFO  com.zaxxer.hikari.pool.HikariPool - HikariPool-1 - Added connection com.mysql.cj.jdbc.ConnectionImpl@35d4035f
2023-05-07 16:42:09.532 [main] INFO  com.zaxxer.hikari.HikariDataSource - HikariPool-1 - Start completed.
2023-05-07 16:42:09.587 [main] INFO  SQL dialect - HHH000400: Using dialect: org.hibernate.dialect.MySQLDialect
2023-05-07 16:42:10.396 [main] INFO  org.hibernate.engine.transaction.jta.platform.internal.JtaPlatformInitiator - HHH000490: Using JtaPlatform implementation: [org.hibernate.engine.transaction.jta.platform.internal.NoJtaPlatform]
2023-05-07 16:42:10.404 [main] INFO  org.springframework.orm.jpa.LocalContainerEntityManagerFactoryBean - Initialized JPA EntityManagerFactory for persistence unit 'default'
2023-05-07 16:42:10.823 [main] WARN  org.springframework.boot.autoconfigure.orm.jpa.JpaBaseConfiguration$JpaWebConfiguration - spring.jpa.open-in-view is enabled by default. Therefore, database queries may be performed during view rendering. Explicitly configure spring.jpa.open-in-view to disable this warning
2023-05-07 16:42:11.444 [main] INFO  org.springframework.cloud.netflix.eureka.config.DiscoveryClientOptionalArgsConfiguration - Eureka HTTP Client uses RestTemplate.
2023-05-07 16:42:11.589 [main] WARN  org.springframework.cloud.loadbalancer.config.LoadBalancerCacheAutoConfiguration$LoadBalancerCaffeineWarnLogger - Spring Cloud LoadBalancer is currently working with the default cache. While this cache implementation is useful for development and tests, it's recommended to use Caffeine cache in production.You can switch to using Caffeine cache, by adding it and org.springframework.cache.caffeine.CaffeineCacheManager to the classpath.
2023-05-07 16:42:11.656 [main] INFO  org.apache.coyote.http11.Http11NioProtocol - Starting ProtocolHandler ["http-nio-auto-1"]
2023-05-07 16:42:11.673 [main] INFO  org.springframework.boot.web.embedded.tomcat.TomcatWebServer - Tomcat started on port(s): 52301 (http) with context path ''
2023-05-07 16:42:11.674 [main] INFO  org.springframework.cloud.netflix.eureka.serviceregistry.EurekaAutoServiceRegistration - Updating port to 52301
2023-05-07 16:42:11.679 [main] INFO  org.springframework.cloud.netflix.eureka.InstanceInfoFactory - Setting initial instance status as: STARTING
2023-05-07 16:42:11.714 [main] INFO  com.netflix.discovery.DiscoveryClient - Initializing Eureka in region us-east-1
2023-05-07 16:42:11.718 [main] INFO  com.netflix.discovery.shared.resolver.aws.ConfigClusterResolver - Resolving eureka endpoints via configuration
2023-05-07 16:42:11.743 [main] INFO  com.netflix.discovery.DiscoveryClient - Disable delta property : false
2023-05-07 16:42:11.743 [main] INFO  com.netflix.discovery.DiscoveryClient - Single vip registry refresh property : null
2023-05-07 16:42:11.743 [main] INFO  com.netflix.discovery.DiscoveryClient - Force full registry fetch : false
2023-05-07 16:42:11.743 [main] INFO  com.netflix.discovery.DiscoveryClient - Application is null : false
2023-05-07 16:42:11.743 [main] INFO  com.netflix.discovery.DiscoveryClient - Registered Applications size is zero : true
2023-05-07 16:42:11.743 [main] INFO  com.netflix.discovery.DiscoveryClient - Application version is -1: true
2023-05-07 16:42:11.744 [main] INFO  com.netflix.discovery.DiscoveryClient - Getting all instance registry info from the eureka server
2023-05-07 16:42:12.047 [main] INFO  com.netflix.discovery.DiscoveryClient - The response status is 200
2023-05-07 16:42:12.050 [main] INFO  com.netflix.discovery.DiscoveryClient - Starting heartbeat executor: renew interval is: 30
2023-05-07 16:42:12.053 [main] INFO  com.netflix.discovery.InstanceInfoReplicator - InstanceInfoReplicator onDemand update allowed rate per min is 4
2023-05-07 16:42:12.057 [main] INFO  com.netflix.discovery.DiscoveryClient - Discovery Client initialized at timestamp 1683463332056 with initial instances count: 2
2023-05-07 16:42:12.062 [main] INFO  org.springframework.cloud.netflix.eureka.serviceregistry.EurekaServiceRegistry - Registering application BOOK-SERVICE with eureka with status UP
2023-05-07 16:42:12.063 [main] INFO  com.netflix.discovery.DiscoveryClient - Saw local status change event StatusChangeEvent [timestamp=1683463332063, current=UP, previous=STARTING]
2023-05-07 16:42:12.065 [DiscoveryClient-InstanceInfoReplicator-0] INFO  com.netflix.discovery.DiscoveryClient - DiscoveryClient_BOOK-SERVICE/host.docker.internal:book-service:0: registering service...
2023-05-07 16:42:12.106 [DiscoveryClient-InstanceInfoReplicator-0] INFO  com.netflix.discovery.DiscoveryClient - DiscoveryClient_BOOK-SERVICE/host.docker.internal:book-service:0 - registration status: 204
2023-05-07 16:42:12.157 [main] INFO  com.bookstore.bookservice.BookServiceApplication - Started BookServiceApplication in 5.586 seconds (process running for 6.604)
2023-05-07 16:43:02.015 [http-nio-auto-1-exec-1] INFO  org.apache.catalina.core.ContainerBase.[Tomcat].[localhost].[/] - Initializing Spring DispatcherServlet 'dispatcherServlet'
2023-05-07 16:43:02.016 [http-nio-auto-1-exec-1] INFO  org.springframework.web.servlet.DispatcherServlet - Initializing Servlet 'dispatcherServlet'
2023-05-07 16:43:02.018 [http-nio-auto-1-exec-1] INFO  org.springframework.web.servlet.DispatcherServlet - Completed initialization in 2 ms
2023-05-07 16:43:02.048 [http-nio-auto-1-exec-1] INFO  com.bookstore.bookservice.aspects.LoggingAspect - Before executing BookController.getBookById(..)
2023-05-07 16:43:02.049 [http-nio-auto-1-exec-1] INFO  com.bookstore.bookservice.aspects.LoggingAspect - Before executing BookServiceImpl.getBookByID(..)
2023-05-07 16:43:02.053 [http-nio-auto-1-exec-1] INFO  com.bookstore.bookservice.aspects.LoggingAspect - Before executing CrudRepository.findById(..)
2023-05-07 16:43:02.113 [http-nio-auto-1-exec-1] INFO  com.bookstore.bookservice.aspects.LoggingAspect - After executing CrudRepository.findById(..) with result Optional[Book(id=1, name=newbk, author=test, bookYear=1000, isbn=56789)]
2023-05-07 16:43:02.117 [http-nio-auto-1-exec-1] INFO  com.bookstore.bookservice.aspects.LoggingAspect - After executing BookServiceImpl.getBookByID(..) with result BookDto(id=1, name=newbk, author=test, bookYear=1000, isbn=56789)
2023-05-07 16:43:02.117 [http-nio-auto-1-exec-1] INFO  com.bookstore.bookservice.aspects.LoggingAspect - After executing BookController.getBookById(..) with result BookDto(id=1, name=newbk, author=test, bookYear=1000, isbn=56789)
2023-05-07 16:43:02.150 [http-nio-auto-1-exec-3] INFO  com.bookstore.bookservice.aspects.LoggingAspect - Before executing BookController.getBookById(..)
2023-05-07 16:43:02.151 [http-nio-auto-1-exec-3] INFO  com.bookstore.bookservice.aspects.LoggingAspect - Before executing BookServiceImpl.getBookByID(..)
2023-05-07 16:43:02.151 [http-nio-auto-1-exec-3] INFO  com.bookstore.bookservice.aspects.LoggingAspect - Before executing CrudRepository.findById(..)
2023-05-07 16:43:02.155 [http-nio-auto-1-exec-3] INFO  com.bookstore.bookservice.aspects.LoggingAspect - After executing CrudRepository.findById(..) with result Optional[Book(id=1, name=newbk, author=test, bookYear=1000, isbn=56789)]
2023-05-07 16:43:02.156 [http-nio-auto-1-exec-3] INFO  com.bookstore.bookservice.aspects.LoggingAspect - After executing BookServiceImpl.getBookByID(..) with result BookDto(id=1, name=newbk, author=test, bookYear=1000, isbn=56789)
2023-05-07 16:43:02.156 [http-nio-auto-1-exec-3] INFO  com.bookstore.bookservice.aspects.LoggingAspect - After executing BookController.getBookById(..) with result BookDto(id=1, name=newbk, author=test, bookYear=1000, isbn=56789)
2023-05-07 16:43:02.159 [http-nio-auto-1-exec-2] INFO  com.bookstore.bookservice.aspects.LoggingAspect - Before executing BookController.getBookById(..)
2023-05-07 16:43:02.159 [http-nio-auto-1-exec-2] INFO  com.bookstore.bookservice.aspects.LoggingAspect - Before executing BookServiceImpl.getBookByID(..)
2023-05-07 16:43:02.160 [http-nio-auto-1-exec-2] INFO  com.bookstore.bookservice.aspects.LoggingAspect - Before executing CrudRepository.findById(..)
2023-05-07 16:43:02.163 [http-nio-auto-1-exec-2] INFO  com.bookstore.bookservice.aspects.LoggingAspect - After executing CrudRepository.findById(..) with result Optional[Book(id=1, name=newbk, author=test, bookYear=1000, isbn=56789)]
2023-05-07 16:43:02.163 [http-nio-auto-1-exec-2] INFO  com.bookstore.bookservice.aspects.LoggingAspect - After executing BookServiceImpl.getBookByID(..) with result BookDto(id=1, name=newbk, author=test, bookYear=1000, isbn=56789)
2023-05-07 16:43:02.163 [http-nio-auto-1-exec-2] INFO  com.bookstore.bookservice.aspects.LoggingAspect - After executing BookController.getBookById(..) with result BookDto(id=1, name=newbk, author=test, bookYear=1000, isbn=56789)
2023-05-07 16:43:02.167 [http-nio-auto-1-exec-4] INFO  com.bookstore.bookservice.aspects.LoggingAspect - Before executing BookController.getBookById(..)
2023-05-07 16:43:02.168 [http-nio-auto-1-exec-4] INFO  com.bookstore.bookservice.aspects.LoggingAspect - Before executing BookServiceImpl.getBookByID(..)
2023-05-07 16:43:02.168 [http-nio-auto-1-exec-4] INFO  com.bookstore.bookservice.aspects.LoggingAspect - Before executing CrudRepository.findById(..)
2023-05-07 16:43:02.172 [http-nio-auto-1-exec-4] INFO  com.bookstore.bookservice.aspects.LoggingAspect - After executing CrudRepository.findById(..) with result Optional[Book(id=1, name=newbk, author=test, bookYear=1000, isbn=56789)]
2023-05-07 16:43:02.172 [http-nio-auto-1-exec-4] INFO  com.bookstore.bookservice.aspects.LoggingAspect - After executing BookServiceImpl.getBookByID(..) with result BookDto(id=1, name=newbk, author=test, bookYear=1000, isbn=56789)
2023-05-07 16:43:02.172 [http-nio-auto-1-exec-4] INFO  com.bookstore.bookservice.aspects.LoggingAspect - After executing BookController.getBookById(..) with result BookDto(id=1, name=newbk, author=test, bookYear=1000, isbn=56789)
2023-05-07 16:43:02.176 [http-nio-auto-1-exec-5] INFO  com.bookstore.bookservice.aspects.LoggingAspect - Before executing BookController.getBookById(..)
2023-05-07 16:43:02.176 [http-nio-auto-1-exec-5] INFO  com.bookstore.bookservice.aspects.LoggingAspect - Before executing BookServiceImpl.getBookByID(..)
2023-05-07 16:43:02.177 [http-nio-auto-1-exec-5] INFO  com.bookstore.bookservice.aspects.LoggingAspect - Before executing CrudRepository.findById(..)
2023-05-07 16:43:02.180 [http-nio-auto-1-exec-5] INFO  com.bookstore.bookservice.aspects.LoggingAspect - After executing CrudRepository.findById(..) with result Optional[Book(id=1, name=newbk, author=test, bookYear=1000, isbn=56789)]
2023-05-07 16:43:02.180 [http-nio-auto-1-exec-5] INFO  com.bookstore.bookservice.aspects.LoggingAspect - After executing BookServiceImpl.getBookByID(..) with result BookDto(id=1, name=newbk, author=test, bookYear=1000, isbn=56789)
2023-05-07 16:43:02.180 [http-nio-auto-1-exec-5] INFO  com.bookstore.bookservice.aspects.LoggingAspect - After executing BookController.getBookById(..) with result BookDto(id=1, name=newbk, author=test, bookYear=1000, isbn=56789)
2023-05-07 16:43:02.184 [http-nio-auto-1-exec-6] INFO  com.bookstore.bookservice.aspects.LoggingAspect - Before executing BookController.getBookById(..)
2023-05-07 16:43:02.185 [http-nio-auto-1-exec-6] INFO  com.bookstore.bookservice.aspects.LoggingAspect - Before executing BookServiceImpl.getBookByID(..)
2023-05-07 16:43:02.185 [http-nio-auto-1-exec-6] INFO  com.bookstore.bookservice.aspects.LoggingAspect - Before executing CrudRepository.findById(..)
2023-05-07 16:43:02.188 [http-nio-auto-1-exec-6] INFO  com.bookstore.bookservice.aspects.LoggingAspect - After executing CrudRepository.findById(..) with result Optional[Book(id=3, name=Frenkenstain, author=Marry Shelly, bookYear=1750, isbn=67823)]
2023-05-07 16:43:02.188 [http-nio-auto-1-exec-6] INFO  com.bookstore.bookservice.aspects.LoggingAspect - After executing BookServiceImpl.getBookByID(..) with result BookDto(id=3, name=Frenkenstain, author=Marry Shelly, bookYear=1750, isbn=67823)
2023-05-07 16:43:02.188 [http-nio-auto-1-exec-6] INFO  com.bookstore.bookservice.aspects.LoggingAspect - After executing BookController.getBookById(..) with result BookDto(id=3, name=Frenkenstain, author=Marry Shelly, bookYear=1750, isbn=67823)
2023-05-07 16:43:02.192 [http-nio-auto-1-exec-7] INFO  com.bookstore.bookservice.aspects.LoggingAspect - Before executing BookController.getBookById(..)
2023-05-07 16:43:02.192 [http-nio-auto-1-exec-7] INFO  com.bookstore.bookservice.aspects.LoggingAspect - Before executing BookServiceImpl.getBookByID(..)
2023-05-07 16:43:02.192 [http-nio-auto-1-exec-7] INFO  com.bookstore.bookservice.aspects.LoggingAspect - Before executing CrudRepository.findById(..)
2023-05-07 16:43:02.195 [http-nio-auto-1-exec-7] INFO  com.bookstore.bookservice.aspects.LoggingAspect - After executing CrudRepository.findById(..) with result Optional[Book(id=10, name=test for same isbn, author=test, bookYear=1000, isbn=5693789)]
2023-05-07 16:43:02.196 [http-nio-auto-1-exec-7] INFO  com.bookstore.bookservice.aspects.LoggingAspect - After executing BookServiceImpl.getBookByID(..) with result BookDto(id=10, name=test for same isbn, author=test, bookYear=1000, isbn=5693789)
2023-05-07 16:43:02.196 [http-nio-auto-1-exec-7] INFO  com.bookstore.bookservice.aspects.LoggingAspect - After executing BookController.getBookById(..) with result BookDto(id=10, name=test for same isbn, author=test, bookYear=1000, isbn=5693789)
2023-05-07 16:43:02.199 [http-nio-auto-1-exec-10] INFO  com.bookstore.bookservice.aspects.LoggingAspect - Before executing BookController.getBookById(..)
2023-05-07 16:43:02.199 [http-nio-auto-1-exec-10] INFO  com.bookstore.bookservice.aspects.LoggingAspect - Before executing BookServiceImpl.getBookByID(..)
2023-05-07 16:43:02.199 [http-nio-auto-1-exec-10] INFO  com.bookstore.bookservice.aspects.LoggingAspect - Before executing CrudRepository.findById(..)
2023-05-07 16:43:02.203 [http-nio-auto-1-exec-10] INFO  com.bookstore.bookservice.aspects.LoggingAspect - After executing CrudRepository.findById(..) with result Optional.empty
2023-05-07 16:43:02.205 [http-nio-auto-1-exec-10] INFO  com.bookstore.bookservice.aspects.LoggingAspect - Before executing GeneralExceptionHandler.handleBookNotFound(..)
2023-05-07 16:43:02.205 [http-nio-auto-1-exec-10] INFO  com.bookstore.bookservice.aspects.LoggingAspect - After executing GeneralExceptionHandler.handleBookNotFound(..) with result <404 NOT_FOUND Not Found,Book could not found by id: -1,[]>
2023-05-07 16:43:02.220 [http-nio-auto-1-exec-9] INFO  com.bookstore.bookservice.aspects.LoggingAspect - Before executing BookController.getBookById(..)
2023-05-07 16:43:02.221 [http-nio-auto-1-exec-9] INFO  com.bookstore.bookservice.aspects.LoggingAspect - Before executing BookServiceImpl.getBookByID(..)
2023-05-07 16:43:02.221 [http-nio-auto-1-exec-9] INFO  com.bookstore.bookservice.aspects.LoggingAspect - Before executing CrudRepository.findById(..)
2023-05-07 16:43:02.224 [http-nio-auto-1-exec-9] INFO  com.bookstore.bookservice.aspects.LoggingAspect - After executing CrudRepository.findById(..) with result Optional.empty
2023-05-07 16:43:02.225 [http-nio-auto-1-exec-9] INFO  com.bookstore.bookservice.aspects.LoggingAspect - Before executing GeneralExceptionHandler.handleBookNotFound(..)
2023-05-07 16:43:02.225 [http-nio-auto-1-exec-9] INFO  com.bookstore.bookservice.aspects.LoggingAspect - After executing GeneralExceptionHandler.handleBookNotFound(..) with result <404 NOT_FOUND Not Found,Book could not found by id: -1,[]>
2023-05-07 16:47:11.757 [AsyncResolver-bootstrap-executor-0] INFO  com.netflix.discovery.shared.resolver.aws.ConfigClusterResolver - Resolving eureka endpoints via configuration
2023-05-07 16:52:11.762 [AsyncResolver-bootstrap-executor-0] INFO  com.netflix.discovery.shared.resolver.aws.ConfigClusterResolver - Resolving eureka endpoints via configuration
2023-05-07 16:54:28.677 [http-nio-auto-1-exec-1] INFO  com.bookstore.bookservice.aspects.LoggingAspect - Before executing BookController.getAllBooks()
2023-05-07 16:54:28.677 [http-nio-auto-1-exec-1] INFO  com.bookstore.bookservice.aspects.LoggingAspect - Before executing BookServiceImpl.getAllBooks()
2023-05-07 16:54:28.746 [http-nio-auto-1-exec-1] INFO  com.bookstore.bookservice.aspects.LoggingAspect - After executing BookServiceImpl.getAllBooks() with result [BookDto(id=1, name=newbk, author=test, bookYear=1000, isbn=56789), BookDto(id=2, name=, author=test, bookYear=1000, isbn=86554), BookDto(id=3, name=Frenkenstain, author=Marry Shelly, bookYear=1750, isbn=67823), BookDto(id=7, name=test for same isbn, author=test, bookYear=1000, isbn=569789), BookDto(id=10, name=test for same isbn, author=test, bookYear=1000, isbn=5693789)]
2023-05-07 16:54:28.746 [http-nio-auto-1-exec-1] INFO  com.bookstore.bookservice.aspects.LoggingAspect - After executing BookController.getAllBooks() with result [BookDto(id=1, name=newbk, author=test, bookYear=1000, isbn=56789), BookDto(id=2, name=, author=test, bookYear=1000, isbn=86554), BookDto(id=3, name=Frenkenstain, author=Marry Shelly, bookYear=1750, isbn=67823), BookDto(id=7, name=test for same isbn, author=test, bookYear=1000, isbn=569789), BookDto(id=10, name=test for same isbn, author=test, bookYear=1000, isbn=5693789)]
2023-05-07 16:54:32.949 [http-nio-auto-1-exec-3] INFO  com.bookstore.bookservice.aspects.LoggingAspect - Before executing BookController.getBookById(..)
2023-05-07 16:54:32.949 [http-nio-auto-1-exec-3] INFO  com.bookstore.bookservice.aspects.LoggingAspect - Before executing BookServiceImpl.getBookByID(..)
2023-05-07 16:54:32.949 [http-nio-auto-1-exec-3] INFO  com.bookstore.bookservice.aspects.LoggingAspect - Before executing CrudRepository.findById(..)
2023-05-07 16:54:32.954 [http-nio-auto-1-exec-3] INFO  com.bookstore.bookservice.aspects.LoggingAspect - After executing CrudRepository.findById(..) with result Optional[Book(id=1, name=newbk, author=test, bookYear=1000, isbn=56789)]
2023-05-07 16:54:32.954 [http-nio-auto-1-exec-3] INFO  com.bookstore.bookservice.aspects.LoggingAspect - After executing BookServiceImpl.getBookByID(..) with result BookDto(id=1, name=newbk, author=test, bookYear=1000, isbn=56789)
2023-05-07 16:54:32.954 [http-nio-auto-1-exec-3] INFO  com.bookstore.bookservice.aspects.LoggingAspect - After executing BookController.getBookById(..) with result BookDto(id=1, name=newbk, author=test, bookYear=1000, isbn=56789)
